<?xml version="1.0" encoding="UTF-8"?>
<testng-results total="1" passed="1" failed="0" skipped="0">
  <reporter-output>
  </reporter-output>
  <suite started-at="2021-02-06T04:43:12Z" name="Default suite" finished-at="2021-02-06T04:43:12Z" duration-ms="33">
    <groups>
    </groups>
    <test started-at="2021-02-06T04:43:12Z" name="Default test" finished-at="2021-02-06T04:43:12Z" duration-ms="33">
      <class name="demojenkin.demojenkinmaven.class1">
        <test-method signature="display()[pri:0, instance:demojenkin.demojenkinmaven.class1@957e06]" started-at="2021-02-05T22:43:12Z" name="display" finished-at="2021-02-05T22:43:12Z" duration-ms="16" status="PASS">
          <reporter-output>
          </reporter-output>
        </test-method> <!-- display -->
      </class> <!-- demojenkin.demojenkinmaven.class1 -->
    </test> <!-- Default test -->
  </suite> <!-- Default suite -->
</testng-results>
