<?xml version="1.0" encoding="UTF-8"?>
<testng-results total="1" passed="1" failed="0" skipped="0">
  <reporter-output>
  </reporter-output>
  <suite started-at="2021-02-05T08:13:54Z" name="Suite" finished-at="2021-02-05T08:13:54Z" duration-ms="28">
    <groups>
    </groups>
    <test started-at="2021-02-05T08:13:54Z" name="Test" finished-at="2021-02-05T08:13:54Z" duration-ms="28">
      <class name="demojenkin.demojenkinmaven.class1">
        <test-method signature="display()[pri:0, instance:demojenkin.demojenkinmaven.class1@17497425]" started-at="2021-02-05T02:13:54Z" name="display" finished-at="2021-02-05T02:13:54Z" duration-ms="12" status="PASS">
          <reporter-output>
          </reporter-output>
        </test-method> <!-- display -->
      </class> <!-- demojenkin.demojenkinmaven.class1 -->
    </test> <!-- Test -->
  </suite> <!-- Suite -->
</testng-results>
